[2026-03-30T18:14:49.476+0000] {taskinstance.py:1956} INFO - Dependencies all met for dep_context=non-requeueable deps ti=<TaskInstance: stocksense_wiki_etl_v2.extract_gz scheduled__2026-03-30T17:00:00+00:00 [queued]>
[2026-03-30T18:14:49.537+0000] {taskinstance.py:1956} INFO - Dependencies all met for dep_context=requeueable deps ti=<TaskInstance: stocksense_wiki_etl_v2.extract_gz scheduled__2026-03-30T17:00:00+00:00 [queued]>
[2026-03-30T18:14:49.546+0000] {taskinstance.py:2170} INFO - Starting attempt 1 of 1
[2026-03-30T18:14:49.792+0000] {taskinstance.py:2191} INFO - Executing <Task(BashOperator): extract_gz> on 2026-03-30 17:00:00+00:00
[2026-03-30T18:14:49.801+0000] {standard_task_runner.py:60} INFO - Started process 1533 to run task
[2026-03-30T18:14:49.818+0000] {standard_task_runner.py:87} INFO - Running: ['***', 'tasks', 'run', 'stocksense_wiki_etl_v2', 'extract_gz', 'scheduled__2026-03-30T17:00:00+00:00', '--job-id', '24', '--raw', '--subdir', 'DAGS_FOLDER/wiki_pageviews_v2.py', '--cfg-path', '/tmp/tmpeczjqy6r']
[2026-03-30T18:14:49.822+0000] {standard_task_runner.py:88} INFO - Job 24: Subtask extract_gz
[2026-03-30T18:14:50.196+0000] {task_command.py:423} INFO - Running <TaskInstance: stocksense_wiki_etl_v2.extract_gz scheduled__2026-03-30T17:00:00+00:00 [running]> on host b758c9ba2565
[2026-03-30T18:14:50.884+0000] {taskinstance.py:2480} INFO - Exporting env vars: AIRFLOW_CTX_DAG_OWNER='***' AIRFLOW_CTX_DAG_ID='stocksense_wiki_etl_v2' AIRFLOW_CTX_TASK_ID='extract_gz' AIRFLOW_CTX_EXECUTION_DATE='2026-03-30T17:00:00+00:00' AIRFLOW_CTX_TRY_NUMBER='1' AIRFLOW_CTX_DAG_RUN_ID='scheduled__2026-03-30T17:00:00+00:00'
[2026-03-30T18:14:50.892+0000] {subprocess.py:63} INFO - Tmp dir root location: /tmp
[2026-03-30T18:14:50.908+0000] {subprocess.py:75} INFO - Running command: ['/usr/bin/bash', '-c', 'gunzip --force /tmp/wikipageviews.gz']
[2026-03-30T18:14:50.951+0000] {subprocess.py:86} INFO - Output:
[2026-03-30T18:14:59.683+0000] {subprocess.py:93} INFO - gzip: /tmp/wikipageviews.gz: No such file or directory
[2026-03-30T18:14:59.705+0000] {subprocess.py:97} INFO - Command exited with return code 2
[2026-03-30T18:14:59.758+0000] {taskinstance.py:2698} ERROR - Task failed with exception
Traceback (most recent call last):
  File "/home/airflow/.local/lib/python3.11/site-packages/airflow/models/taskinstance.py", line 433, in _execute_task
    result = execute_callable(context=context, **execute_callable_kwargs)
             ^^^^^^^^^^^^^^^^^^^^^^^^^^^^^^^^^^^^^^^^^^^^^^^^^^^^^^^^^^^^
  File "/home/airflow/.local/lib/python3.11/site-packages/airflow/operators/bash.py", line 212, in execute
    raise AirflowException(
airflow.exceptions.AirflowException: Bash command failed. The command returned a non-zero exit code 2.
[2026-03-30T18:14:59.801+0000] {taskinstance.py:1138} INFO - Marking task as FAILED. dag_id=stocksense_wiki_etl_v2, task_id=extract_gz, execution_date=20260330T170000, start_date=20260330T181449, end_date=20260330T181459
[2026-03-30T18:14:59.909+0000] {standard_task_runner.py:107} ERROR - Failed to execute job 24 for task extract_gz (Bash command failed. The command returned a non-zero exit code 2.; 1533)
[2026-03-30T18:14:59.931+0000] {local_task_job_runner.py:234} INFO - Task exited with return code 1
[2026-03-30T18:15:00.059+0000] {taskinstance.py:3280} INFO - 0 downstream tasks scheduled from follow-on schedule check
