[2026-03-30T17:16:02.804+0000] {taskinstance.py:1956} INFO - Dependencies all met for dep_context=non-requeueable deps ti=<TaskInstance: wiki_etl_v6.write_to_postgres scheduled__2026-03-30T16:00:00+00:00 [queued]>
[2026-03-30T17:16:02.835+0000] {taskinstance.py:1956} INFO - Dependencies all met for dep_context=requeueable deps ti=<TaskInstance: wiki_etl_v6.write_to_postgres scheduled__2026-03-30T16:00:00+00:00 [queued]>
[2026-03-30T17:16:02.837+0000] {taskinstance.py:2170} INFO - Starting attempt 1 of 1
[2026-03-30T17:16:02.880+0000] {taskinstance.py:2191} INFO - Executing <Task(PostgresOperator): write_to_postgres> on 2026-03-30 16:00:00+00:00
[2026-03-30T17:16:02.907+0000] {standard_task_runner.py:60} INFO - Started process 695 to run task
[2026-03-30T17:16:02.932+0000] {standard_task_runner.py:87} INFO - Running: ['***', 'tasks', 'run', 'wiki_etl_v6', 'write_to_postgres', 'scheduled__2026-03-30T16:00:00+00:00', '--job-id', '20', '--raw', '--subdir', 'DAGS_FOLDER/wiki_pageviews.py', '--cfg-path', '/tmp/tmp6muwok83']
[2026-03-30T17:16:02.937+0000] {standard_task_runner.py:88} INFO - Job 20: Subtask write_to_postgres
[2026-03-30T17:16:03.154+0000] {task_command.py:423} INFO - Running <TaskInstance: wiki_etl_v6.write_to_postgres scheduled__2026-03-30T16:00:00+00:00 [running]> on host b758c9ba2565
[2026-03-30T17:16:03.543+0000] {taskinstance.py:2480} INFO - Exporting env vars: AIRFLOW_CTX_DAG_OWNER='***' AIRFLOW_CTX_DAG_ID='wiki_etl_v6' AIRFLOW_CTX_TASK_ID='write_to_postgres' AIRFLOW_CTX_EXECUTION_DATE='2026-03-30T16:00:00+00:00' AIRFLOW_CTX_TRY_NUMBER='1' AIRFLOW_CTX_DAG_RUN_ID='scheduled__2026-03-30T16:00:00+00:00'
[2026-03-30T17:16:03.546+0000] {postgres.py:68} INFO - Executing: INSERT INTO pageview_counts VALUES ('Electronic_Arts', 41, '2026-03-30 16:00:00+00:00');
INSERT INTO pageview_counts VALUES ('Nintendo', 81, '2026-03-30 16:00:00+00:00');
INSERT INTO pageview_counts VALUES ('Sony', 40, '2026-03-30 16:00:00+00:00');
[2026-03-30T17:16:03.549+0000] {crypto.py:82} WARNING - empty cryptography key - values will not be stored encrypted.
[2026-03-30T17:16:03.551+0000] {base.py:83} INFO - Using connection ID 'my_postgres' for task execution.
[2026-03-30T17:16:03.562+0000] {sql.py:450} INFO - Running statement: INSERT INTO pageview_counts VALUES ('Electronic_Arts', 41, '2026-03-30 16:00:00+00:00');
INSERT INTO pageview_counts VALUES ('Nintendo', 81, '2026-03-30 16:00:00+00:00');
INSERT INTO pageview_counts VALUES ('Sony', 40, '2026-03-30 16:00:00+00:00');, parameters: None
[2026-03-30T17:16:03.567+0000] {sql.py:459} INFO - Rows affected: 1
[2026-03-30T17:16:03.840+0000] {taskinstance.py:1138} INFO - Marking task as SUCCESS. dag_id=wiki_etl_v6, task_id=write_to_postgres, execution_date=20260330T160000, start_date=20260330T171602, end_date=20260330T171603
[2026-03-30T17:16:03.916+0000] {local_task_job_runner.py:234} INFO - Task exited with return code 0
[2026-03-30T17:16:04.001+0000] {taskinstance.py:3280} INFO - 1 downstream tasks scheduled from follow-on schedule check
