[2026-03-30T16:34:05.051+0000] {taskinstance.py:1956} INFO - Dependencies all met for dep_context=non-requeueable deps ti=<TaskInstance: stocksense_wiki_etl_v2.write_to_postgres manual__2026-03-30T16:31:46.504356+00:00 [queued]>
[2026-03-30T16:34:05.134+0000] {taskinstance.py:1956} INFO - Dependencies all met for dep_context=requeueable deps ti=<TaskInstance: stocksense_wiki_etl_v2.write_to_postgres manual__2026-03-30T16:31:46.504356+00:00 [queued]>
[2026-03-30T16:34:05.134+0000] {taskinstance.py:2170} INFO - Starting attempt 1 of 1
[2026-03-30T16:34:05.186+0000] {taskinstance.py:2191} INFO - Executing <Task(PostgresOperator): write_to_postgres> on 2026-03-30 16:31:46.504356+00:00
[2026-03-30T16:34:05.200+0000] {standard_task_runner.py:60} INFO - Started process 269 to run task
[2026-03-30T16:34:05.220+0000] {standard_task_runner.py:87} INFO - Running: ['***', 'tasks', 'run', 'stocksense_wiki_etl_v2', 'write_to_postgres', 'manual__2026-03-30T16:31:46.504356+00:00', '--job-id', '10', '--raw', '--subdir', 'DAGS_FOLDER/wiki_pageviews_v2.py', '--cfg-path', '/tmp/tmp_3ce_w2k']
[2026-03-30T16:34:05.236+0000] {standard_task_runner.py:88} INFO - Job 10: Subtask write_to_postgres
[2026-03-30T16:34:05.453+0000] {task_command.py:423} INFO - Running <TaskInstance: stocksense_wiki_etl_v2.write_to_postgres manual__2026-03-30T16:31:46.504356+00:00 [running]> on host b758c9ba2565
[2026-03-30T16:34:05.936+0000] {taskinstance.py:2480} INFO - Exporting env vars: AIRFLOW_CTX_DAG_OWNER='***' AIRFLOW_CTX_DAG_ID='stocksense_wiki_etl_v2' AIRFLOW_CTX_TASK_ID='write_to_postgres' AIRFLOW_CTX_EXECUTION_DATE='2026-03-30T16:31:46.504356+00:00' AIRFLOW_CTX_TRY_NUMBER='1' AIRFLOW_CTX_DAG_RUN_ID='manual__2026-03-30T16:31:46.504356+00:00'
[2026-03-30T16:34:05.936+0000] {postgres.py:68} INFO - Executing: INSERT INTO pageview_counts VALUES ('Facebook', 534, '2026-03-30 15:00:00+00:00');
INSERT INTO pageview_counts VALUES ('Microsoft', 182, '2026-03-30 15:00:00+00:00');
INSERT INTO pageview_counts VALUES ('Apple', 43, '2026-03-30 15:00:00+00:00');
INSERT INTO pageview_counts VALUES ('Google', 477, '2026-03-30 15:00:00+00:00');
INSERT INTO pageview_counts VALUES ('Amazon', 10, '2026-03-30 15:00:00+00:00');
[2026-03-30T16:34:05.936+0000] {crypto.py:82} WARNING - empty cryptography key - values will not be stored encrypted.
[2026-03-30T16:34:05.936+0000] {base.py:83} INFO - Using connection ID 'my_postgres' for task execution.
[2026-03-30T16:34:05.977+0000] {sql.py:450} INFO - Running statement: INSERT INTO pageview_counts VALUES ('Facebook', 534, '2026-03-30 15:00:00+00:00');
INSERT INTO pageview_counts VALUES ('Microsoft', 182, '2026-03-30 15:00:00+00:00');
INSERT INTO pageview_counts VALUES ('Apple', 43, '2026-03-30 15:00:00+00:00');
INSERT INTO pageview_counts VALUES ('Google', 477, '2026-03-30 15:00:00+00:00');
INSERT INTO pageview_counts VALUES ('Amazon', 10, '2026-03-30 15:00:00+00:00');, parameters: None
[2026-03-30T16:34:05.977+0000] {sql.py:459} INFO - Rows affected: 1
[2026-03-30T16:34:06.052+0000] {taskinstance.py:1138} INFO - Marking task as SUCCESS. dag_id=stocksense_wiki_etl_v2, task_id=write_to_postgres, execution_date=20260330T163146, start_date=20260330T163405, end_date=20260330T163406
[2026-03-30T16:34:06.119+0000] {local_task_job_runner.py:234} INFO - Task exited with return code 0
[2026-03-30T16:34:06.161+0000] {taskinstance.py:3280} INFO - 1 downstream tasks scheduled from follow-on schedule check
