[2026-03-30T16:32:57.016+0000] {taskinstance.py:1956} INFO - Dependencies all met for dep_context=non-requeueable deps ti=<TaskInstance: stocksense_wiki_etl_v2.write_to_postgres scheduled__2026-03-30T15:00:00+00:00 [queued]>
[2026-03-30T16:32:57.312+0000] {taskinstance.py:1956} INFO - Dependencies all met for dep_context=requeueable deps ti=<TaskInstance: stocksense_wiki_etl_v2.write_to_postgres scheduled__2026-03-30T15:00:00+00:00 [queued]>
[2026-03-30T16:32:57.317+0000] {taskinstance.py:2170} INFO - Starting attempt 1 of 1
[2026-03-30T16:32:57.608+0000] {taskinstance.py:2191} INFO - Executing <Task(PostgresOperator): write_to_postgres> on 2026-03-30 15:00:00+00:00
[2026-03-30T16:32:57.631+0000] {standard_task_runner.py:60} INFO - Started process 248 to run task
[2026-03-30T16:32:57.894+0000] {standard_task_runner.py:87} INFO - Running: ['***', 'tasks', 'run', 'stocksense_wiki_etl_v2', 'write_to_postgres', 'scheduled__2026-03-30T15:00:00+00:00', '--job-id', '5', '--raw', '--subdir', 'DAGS_FOLDER/wiki_pageviews_v2.py', '--cfg-path', '/tmp/tmpp63p_3b1']
[2026-03-30T16:32:57.899+0000] {standard_task_runner.py:88} INFO - Job 5: Subtask write_to_postgres
[2026-03-30T16:32:58.566+0000] {task_command.py:423} INFO - Running <TaskInstance: stocksense_wiki_etl_v2.write_to_postgres scheduled__2026-03-30T15:00:00+00:00 [running]> on host b758c9ba2565
[2026-03-30T16:33:00.157+0000] {taskinstance.py:2480} INFO - Exporting env vars: AIRFLOW_CTX_DAG_OWNER='***' AIRFLOW_CTX_DAG_ID='stocksense_wiki_etl_v2' AIRFLOW_CTX_TASK_ID='write_to_postgres' AIRFLOW_CTX_EXECUTION_DATE='2026-03-30T15:00:00+00:00' AIRFLOW_CTX_TRY_NUMBER='1' AIRFLOW_CTX_DAG_RUN_ID='scheduled__2026-03-30T15:00:00+00:00'
[2026-03-30T16:33:00.158+0000] {postgres.py:68} INFO - Executing: INSERT INTO pageview_counts VALUES ('Facebook', 534, '2026-03-30 15:00:00+00:00');
INSERT INTO pageview_counts VALUES ('Microsoft', 182, '2026-03-30 15:00:00+00:00');
INSERT INTO pageview_counts VALUES ('Apple', 43, '2026-03-30 15:00:00+00:00');
INSERT INTO pageview_counts VALUES ('Google', 477, '2026-03-30 15:00:00+00:00');
INSERT INTO pageview_counts VALUES ('Amazon', 10, '2026-03-30 15:00:00+00:00');
[2026-03-30T16:33:00.171+0000] {crypto.py:82} WARNING - empty cryptography key - values will not be stored encrypted.
[2026-03-30T16:33:00.173+0000] {base.py:83} INFO - Using connection ID 'my_postgres' for task execution.
[2026-03-30T16:33:00.275+0000] {sql.py:450} INFO - Running statement: INSERT INTO pageview_counts VALUES ('Facebook', 534, '2026-03-30 15:00:00+00:00');
INSERT INTO pageview_counts VALUES ('Microsoft', 182, '2026-03-30 15:00:00+00:00');
INSERT INTO pageview_counts VALUES ('Apple', 43, '2026-03-30 15:00:00+00:00');
INSERT INTO pageview_counts VALUES ('Google', 477, '2026-03-30 15:00:00+00:00');
INSERT INTO pageview_counts VALUES ('Amazon', 10, '2026-03-30 15:00:00+00:00');, parameters: None
[2026-03-30T16:33:00.285+0000] {sql.py:459} INFO - Rows affected: 1
[2026-03-30T16:33:00.351+0000] {taskinstance.py:1138} INFO - Marking task as SUCCESS. dag_id=stocksense_wiki_etl_v2, task_id=write_to_postgres, execution_date=20260330T150000, start_date=20260330T163257, end_date=20260330T163300
[2026-03-30T16:33:00.604+0000] {local_task_job_runner.py:234} INFO - Task exited with return code 0
[2026-03-30T16:33:01.135+0000] {taskinstance.py:3280} INFO - 0 downstream tasks scheduled from follow-on schedule check
